==============================
System Monitoring Report - Tue May 12 06:44:28 UTC 2026
==============================

Disk Usage:
Filesystem        Size  Used Avail Use% Mounted on
devtmpfs          4.0M     0  4.0M   0% /dev
tmpfs             957M     0  957M   0% /dev/shm
tmpfs             383M  752K  382M   1% /run
/dev/nvme0n1p1    8.0G  3.9G  4.1G  49% /
tmpfs             957M     0  957M   0% /tmp
/dev/nvme0n1p128   10M  1.3M  8.7M  13% /boot/efi
tmpfs             192M     0  192M   0% /run/user/1000

Disk usage is under control.

Nginx Service Status:
Nginx is RUNNING

Script execution completed.
==============================
System Monitoring Report - Tue May 12 06:48:23 UTC 2026
==============================

Disk Usage:
Filesystem        Size  Used Avail Use% Mounted on
devtmpfs          4.0M     0  4.0M   0% /dev
tmpfs             957M     0  957M   0% /dev/shm
tmpfs             383M  752K  382M   1% /run
/dev/nvme0n1p1    8.0G  3.9G  4.1G  49% /
tmpfs             957M     0  957M   0% /tmp
/dev/nvme0n1p128   10M  1.3M  8.7M  13% /boot/efi
tmpfs             192M     0  192M   0% /run/user/1000

Disk usage is under control.

Nginx Service Status:
Nginx is RUNNING

Script execution completed.
